500
0 1473 5350 3367 4718 8916 4954
1 5350 7206 3367 4718 5423 8926 4703
2 5350 9702 3367 4718 313 5052 9117
3 2181 5350 4718 7477 1339 5052 5311
4 5350 6983 2186 5806 3386 8092
5 743 2887 4684 6318 8817 2680
6 5350 422 2383 9624 5679 5052
7 5668 5350 2602 9422 2491 1660
8 3236 5350 6505 4718 5052 4958
9 5350 4718 6353 3384 313 5052
10 5350 4718 2423 698 5052 6302
11 5350 9702 3367 333 1486 3797 9432 313
12 4163 8869 6471 4718 5937 5052
13 6466 5797 6472 3598 3186 8412
14 3074 7236 5350 3146 7926 9273
15 1473 4718 8916 4823 4954 4220
16 6434 2181 8300 4718 2207 5052 8223
17 1467 2181 4718 1042 5659 5052 9349
18 775 8300 4718 6738 7859 5052
19 2181 5350 6961 4718 2065 566 5052
20 5350 8910 4178 4718 7420 1470
21 7843 5350 2802 4718 9586 6711
22 2181 4718 5659 5052 9117 1470
23 2076 4718 3474 9147 5052 7263
24 5350 3146 4718 1042 313 5052
25 5350 1254 3367 7181 4718 2191 1663
26 5350 3367 7181 3348 887 441 6462
27 5350 9702 3367 8269 4718 8976 8027
28 3334 2181 9382 4718 535 7544 5052
29 4768 5350 3367 4718 6830 7414 4829
30 6368 4611 4718 5201 4850 6583 6428
31 3366 5350 9702 3367 4939 4718
32 802 5350 6310 3146 6261 8581
33 2181 5350 8556 4718 313 5052 9599
34 5350 7015 8586 6700 8367 8530 2127
35 3682 2181 5350 3367 4718 7544 5052
36 3146 4909 4718 6157 822 5052
37 5350 3367 8295 8780 974 4718 441
38 5350 4718 2802 889 1467 5052
39 4673 5668 9422 4718 1467 5052
40 1250 838 5643 1068 789 3737 3390
41 5350 9702 3367 333 9432 1533 9599
42 5350 2534 3367 9367 6680 8828 8925
43 8609 5668 5196 7026 889 830
44 5350 3367 4459 5292 4718 4981 5689
45 8866 7491 5576 1164 4718 8052
46 5350 3146 9586 8761 313 7420
47 5350 3146 4718 1042 313 5052
48 2181 5350 4718 1467 5052 9117
49 4419 5350 8556 8530 4213 313 9599
50 2181 5350 5980 4718 1042 5052 445
51 5350 5052 2076 3474 4718 5980
52 4768 5350 3367 4524 333 7374 6830 1791 7263
53 4163 5350 3367 9456 1329 6425
54 5350 1613 9422 8173 4946 2671
55 5350 775 4718 1042 313 5052
56 3745 485 8267 7314 215 5338 2300
57 5350 3367 4653 4718 5398 313
58 8707 3684 5350 3367 1288 7770 2491
59 7456 2491 5962 7770 3259 1630
60 5350 3367 9099 8556 313 1470 9599
61 5350 3367 4718 3637 1818 2495
62 5668 5350 3146 9422 7163 4926
63 6595 7077 5350 4014 8052 313
64 5350 7787 815 5137 2491 4959
65 1153 2181 6157 4462 4175 4718 5052
66 5668 5350 9422 1743 1909 7768 4926
67 5668 5138 4653 4850 5398 5787
68 5698 8741 5350 3367 6603 333 9422 4926
69 2181 9194 8300 4718 4050 5052
70 5350 9702 3367 8586 333 4718 5052
71 2181 5350 3367 4718 1042 5659 5052
72 5350 3146 3696 6966 313 831
73 9504 2181 4718 9074 9811 5052 9117
74 3682 2181 4718 7544 1467 5052
75 5350 3146 4718 9586 1467 5052
76 7823 7768 1909 7382 696 4985 7963
77 9540 6983 4718 5806 6169 5052
78 7586 9574 5350 6472 3146 7517
79 4768 5350 7414 313 7420 7263
80 1467 2181 4718 8347 5659 5052 9117
81 5350 8586 6700 4718 313 5052
82 5350 3657 3146 4718 313 5052
83 6309 4971 4718 9938 5052 8863
84 8300 847 6033 2421 9526 728
85 6979 5350 3367 3720 8556 6480 9599
86 5350 3367 4041 9098 8359 5933 4718
87 5350 3367 333 9903 7857 9044 9432
88 1955 5350 4718 4594 4867 1467
89 7075 5350 3367 1706 333 9432 7515 8669 1470
90 9988 8620 4718 8916 1467 9117
91 5350 1288 4856 313 3962 7420
92 7617 8777 2413 4718 1467 1660
93 5350 9702 3367 333 4718 9432 5052
94 5350 9099 8910 7054 6492 1470
95 2884 2181 7853 4718 7012 5659 5052
96 5797 5350 4587 4718 8152 8412
97 5797 5350 8586 6700 3598 8412
98 5668 7558 5350 9422 8239 4718
99 5218 5350 3367 2825 6612 9433 8253
100 5350 7560 3720 6545 146 9078 856
101 7077 5350 9672 4014 2008 6207
102 5350 4167 3367 4718 5936 313 1950
103 1702 2602 8052 7420 2858 9919
104 7937 1602 5350 3367 1548 7994 4542
105 4304 5350 9225 9421 5328 5527
106 3682 1476 9194 915 7544 8858
107 1537 2882 5350 4167 3367 2097 4251
108 7521 4840 3562 5166 4243 8918 1146
109 7056 7602 3416 9914 1467 4636
110 6082 5350 2215 3720 1480 8604
111 4419 5350 268 4718 5936 1467
112 3624 4718 5936 5201 9902 5052
113 5350 2704 5585 3954 4823 985
114 6657 3845 8586 4718 2831 1663
115 9574 4718 5936 3474 2076 1470
116 3682 9161 4718 5936 915 5247
117 4768 5350 3367 8430 7666 6830 313
118 1538 4068 5350 3367 503 4046 8567
119 1476 616 8586 3795 8858 1439
120 4768 6830 5936 4718 7414 7374 7263
121 2181 5350 4718 5936 313 5052
122 5350 3367 6028 333 2319 1620 349 4954 5597
123 2181 5350 4718 5936 8439 5083 5052
124 5511 6442 493 9902 5201 6901
125 7456 2051 5350 7821 175 8439 6137
126 128 8675 5350 8115 2484 8151 313
127 5350 4718 7823 5936 1467 5052
128 5350 8300 4718 5936 9109 1467
129 5350 4718 5936 3416 2266 5052
130 1473 8710 5350 313 4314 5534
131 2181 5350 4718 5936 5052 7263
132 5350 8586 6700 4718 5936 5052
133 4097 5350 3367 3146 7026 889
134 4840 4718 5936 3188 6587 5052
135 5350 4718 5936 5717 5052 5087
136 5350 6310 4167 6484 4861 8581
137 1537 5350 1547 8556 2000 692 9599
138 5890 9574 5350 4718 5936 5052
139 5152 3521 5350 4167 3367 313 7263
140 5350 9702 3367 333 1486 6706 9432 313
141 5350 8556 4046 1913 8123 1533 9599
142 9574 5350 4718 5936 1042 5052
143 2181 5350 3367 4718 5936 5052
144 2181 5350 4718 5936 313 5052
145 5633 9988 5350 1192 4688 313
146 355 4718 5936 1042 9907 5052
147 5350 1042 4718 5936 8242 5052
148 2308 6762 1164 8052 6869 9399
149 5350 4718 5936 5873 5052 7263
150 5350 7602 4718 5936 8242 313
151 5350 3367 4242 8916 313 4281 9435
152 7424 9959 1130 7536 2744 2140
153 4224 5350 3367 8916 313 6587
154 1355 5350 3883 720 4221 1439
155 5350 503 8983 7255 1945 5534
156 5729 3171 5704 3562 495 8786 8734
157 5668 4903 9225 5328 3474 3423
158 4163 5350 3816 4718 2383 5936
159 1537 6979 8556 4251 1470 9599
160 7586 5413 5350 3367 3146 313
161 2181 3146 4718 5967 5936 5052
162 3745 4163 4321 9576 9200 3747 8282
163 160 1699 4718 5936 2421 9084
164 8359 8586 8333 4718 5936 1467
165 3395 6373 5350 4718 5936 9235
166 5350 4718 5936 1467 5052 6270
167 8997 5350 4167 3146 1941 3865 3835
168 5350 4718 5936 8983 1945 1467
169 5411 2181 5052 4718 5936 9084
170 1312 7969 5350 3367 5897 6701 7419
171 4163 5350 4167 8303 9456 1329 6425
172 6114 8556 1453 8594 2772 9599 9823
173 8912 8803 5350 4718 5936 2266
174 2181 5350 4718 5936 5052 9117
175 3729 7570 4787 8915 8947 5626 6750
176 5350 3849 7569 915 9161 8735
177 5350 423 4178 3962 6587 7420
178 5350 4718 5936 2065 6198 5340
179 898 5738 8173 1486 4946 4982
180 1467 6762 4718 5936 6587 2751
181 5936 5350 3367 333 4718 1488 5052
182 5633 5350 4718 5936 1467 1757
183 6979 8556 8916 2421 2744 858 9599
184 2440 4718 5936 9816 4537 1467
185 2512 355 9702 5350 3367 8976 9907
186 5890 9603 5350 3910 6508 4620 3793
187 3460 5350 3367 3146 980 8761 313
188 2831 3845 5350 559 2482 5647
189 5955 612 2181 4718 5936 5052
190 1537 6979 5350 3367 8556 5234 9599
191 4768 4097 5350 3367 7414 313 347
192 4292 5670 8429 2449 6680 1307
193 898 8604 1551 214 9368 7420
194 5936 1894 5350 4718 9264 5691
195 4163 5350 8300 3469 5686 983
196 7459 8677 5544 3146 2993 2083 1725
197 7382 3558 1675 4718 6614 126
198 889 2194 2387 3146 7026
199 8866 7491 4869 5638 5576 2411
200 320 2116 5350 1518 9332 6490 4155
201 3682 5350 4167 9161 8586 6302 6143
202 2019 4718 5936 4051 6680 5052
203 5350 5797 5318 3367 333 3598 8412
204 1355 4718 5936 6587 5052 1439
205 1537 5350 3367 3146 8556 7181 9599
206 7397 5350 3146 8844 529 7030
207 9058 5005 4718 815 5936 6587
208 8866 5576 2474 4718 2481 6621
209 5350 1962 4718 5936 3444 5052
210 5350 3367 3793 7859 313 5146
211 7975 8136 8556 2832 4249 6587 9599
212 9828 8171 337 4055 7256 4132 1757
213 7233 3426 5350 3367 5319 333 5119
214 2181 5350 1288 4718 5936 5052
215 5350 3367 333 2961 8820 2197 313
216 5350 3146 4718 5936 5052 6762
217 5350 3367 6826 5806 8120 5720 7514
218 1537 5350 9193 5964 8568 7642
219 1056 6082 4229 3720 3657 1480
220 5350 4492 4718 5936 4756 5052
221 4353 9702 5350 3367 4718 5936 1212
222 2181 5350 4718 5936 3322 5052
223 4163 5350 3367 9515 8303 1329 6425
224 9504 2758 3820 3469 595 9432
225 355 8556 4579 8976 9907 9599
226 5350 4718 5936 7028 1464 1467
227 3684 7174 5350 9914 2491 8604 7770
228 2181 4718 5936 1208 9914 5052
229 4163 9574 5350 3921 8303 1329 1757
230 8992 5350 3017 1037 6131 7414 7263
231 4224 5350 2123 6191 1939 2421
232 5350 9927 8300 9109 537 313 5311
233 4163 5350 4718 5936 313 5052
234 6468 5350 3367 9289 4718 5936 5052
235 5350 3367 4718 596 533 8604
236 4097 5350 4718 5936 1467 5052
237 3266 328 3146 4718 5936 1467
238 1569 5350 4167 3367 9963 5462 313 2459
239 4163 5350 8303 9456 1329 6425
240 2181 3146 4718 5936 7544 5052
241 8683 5350 3146 7947 5851 6940
242 5350 3146 4718 5936 9846 5052
243 2181 5350 4775 4718 5936 5052
244 9992 7404 2553 3962 7420 1501
245 4163 5350 3176 8303 8976 1329 313
246 5350 4718 5936 1137 275 5052
247 5350 4718 5936 9586 313 5052
248 7143 6258 7414 3962 7420 6589 7263
249 8064 5350 3367 3146 4718 5936 6556
250 9574 1962 4718 5936 4756 3992
251 4163 8391 8780 4718 5936 441
252 9504 5350 2758 9432 5947 7004
253 5350 3367 9903 1874 9044 7063 8249
254 802 5413 5350 3146 1903 8794
255 1537 6979 5350 3367 8556 4718 9599
256 5350 4718 2671 5936 5052 4829
257 4768 7682 7277 5462 4665 7263
258 4768 5350 3367 6830 5936 4718 7374 6171
259 6657 3845 4718 5647 2831 1501
260 8081 9574 5350 3367 3921 441 4094
261 4097 5571 8324 5350 3797 313 2909
262 5350 3146 8300 6063 4050 313
263 7236 2181 4718 5936 1042 5052
264 9456 4163 3176 1551 4272 1329
265 4768 5350 3367 2279 7414 7263
266 3459 5350 4718 5936 3770 4636
267 5350 4653 4238 8976 5398 5787
268 5350 8300 6738 8750 4050 313 8604
269 9985 8739 5350 7393 8264 8761 5340
270 1537 2181 4718 5936 8568 5052
271 1473 5350 1932 4591 8916 8858
272 8992 8994 5350 3017 1037 313 3327
273 4332 9229 4718 4693 1582 574
274 6181 5350 3624 9612 8916 5592
275 6471 8301 4718 5936 5052 1470
276 5350 9194 7629 7736 5592 3997
277 7017 2572 8916 8437 7707 9117
278 6019 5350 7879 3146 313 5885
279 5350 2534 8359 9002 8828 7263
280 5350 4718 5936 8786 313 5052
281 8493 6288 8081 2009 1467 1950 7359
282 8710 5350 6442 493 8752 9586
283 2082 5350 3146 9099 8910 1470
284 2181 5350 4718 5936 7544 5052
285 5350 6312 2384 631 8890 155 8250
286 9669 5350 9672 8300 4050 2008 6207
287 5350 7015 8586 6700 8367 6422 4315
288 1467 5350 4718 5936 7131 8604
289 5350 1673 1322 9323 3951 7857
290 9382 5350 3367 1837 4718 5712 7477
291 5350 3367 7371 4718 1526 313
292 7236 3143 3146 1652 1877 5885
293 6114 5350 3367 2772 313 3391 9823
294 4129 9835 4718 3472 6350 4214 3096
295 8716 9422 5936 4718 6422 5052
296 5350 3367 3849 313 3322 127
297 5350 3367 7720 8586 2802 2104
298 1250 4517 5350 8237 3737 6303
299 9318 4718 5936 3962 1467 7420
300 2915 4718 5936 5306 7323 5052
301 4036 4718 7028 6998 1463 1464
302 2977 580 5350 1963 6062 3993
303 4163 5350 8303 1329 1650 4693 9526
304 5346 9959 2658 2140 1950 8383
305 5350 775 9834 7414 1336 3146
306 208 4903 4718 5936 6484 5052
307 5350 5993 4140 7890 4436 3191 313
308 5955 5350 3367 3146 333 4238 1681
309 5350 9099 1470 9846 3230 2015
310 1473 4587 8916 8152 4220 9117
311 5668 5350 4167 9422 3962 4926
312 5350 8013 4718 5936 3157 4603
313 3585 4167 6738 8688 4050 8916
314 2181 3146 4718 5936 1467 5052
315 2181 5350 4718 5936 1042 5052
316 5350 3179 8686 5942 8091 1727
317 355 5350 5955 9428 9907 6202
318 8866 7491 5576 9161 7569 5247
319 1537 7174 5350 7602 9368 1439
320 5350 4718 5936 3962 1467 7420
321 5350 8586 4496 2258 9402 1917
322 1700 8263 7017 4304 1495 1688
323 7456 2048 5350 5962 8785 313 3259
324 5350 3367 4167 8620 4718 7477 313 5311
325 5350 4167 3146 3367 333 4271 6900 7195
326 8136 4718 5936 4249 5052 4958
327 5635 8357 5350 3146 3504 979
328 5350 3367 6353 6422 2423 698
329 7874 715 7213 4718 5936 6894 1463
330 9540 3146 7153 3026 2423 698 6590
331 4869 5350 3367 3146 313 6428 1066
332 8752 5350 5418 4718 5936 7263
333 1153 5350 1774 5936 4718 5052
334 5350 553 8556 1489 313 9599 1343
335 5350 5390 5936 4718 313 5052
336 3168 5350 4718 5936 1940 7901
337 5350 3367 3146 4167 6063 9586
338 2882 5350 3367 6283 4718 8604
339 9194 7629 4718 5936 5592 3997
340 2181 5350 3367 4718 5936 5659 5052
341 9574 5350 4718 5936 3921 5052
342 4163 5350 5068 8303 1329 1396
343 8803 8912 4163 4867 2266 4668
344 2181 5350 4718 5936 5052 9117
345 5350 3367 4587 6062 9432 8152
346 5350 3367 4718 6680 9432 1467
347 6433 1467 5350 3367 4718 313 3035
348 932 6603 9422 3919 3460 3962 4926
349 1220 5350 8327 9161 915 9787
350 7840 1381 9194 6351 4663 6300
351 4567 2150 7815 3722 8747 9559
352 5350 4718 5936 5363 600 5052
353 8355 358 4238 1073 4718 5279
354 1312 5350 1866 4718 5936 3146
355 5350 3367 333 4718 5936 313 5052
356 5413 5350 4167 3146 8556 313 9599
357 5350 3759 2992 2580 953 7517 2623
358 1537 5350 3367 333 9432 7420 7263
359 5350 231 8820 2197 313 1501
360 4097 5350 2858 9997 8052 313
361 5350 3367 3146 9235 6103 313 6682
362 5350 4718 5936 3921 5052 862
363 5350 4777 9834 8013 3157 4603
364 5350 2343 3146 3887 2965 5690
365 6706 2063 2279 4718 7327
366 8581 5350 6484 7414 5022 6310
367 5350 8556 313 6587 8604 9599
368 5350 519 4718 5936 5015 5052
369 8300 4653 5398 5146 5787 1470
370 5350 3367 8042 4718 6163 5756 2653
371 5350 4718 5936 2773 5052 5534
372 6979 2181 8556 4718 5936 5052 9599
373 1537 6979 3146 8556 2744 8761 9599
374 8707 3684 5738 438 7770 2491 8604
375 6028 4718 5936 2322 979 5052
376 1826 5350 2631 7145 8586 6700 4315
377 4163 9701 8136 4718 5936 8820
378 5350 3367 3658 4718 313 8731
379 4718 5936 1650 4693 5880 5052
380 5350 3367 3146 4718 367 5936 313
381 8610 5350 7570 853 313 2875 3829
382 4163 5350 4167 3367 4718 4850
383 5350 775 3241 3367 9970 1012 9366
384 2688 5350 4718 8911 5936 4913
385 9574 5350 4167 8688 4050 7060 2773
386 5350 4167 4718 5936 5052 7263
387 5350 7879 1288 3146 3055 5592
388 5730 8803 1924 5384 1483 1878 4255
389 4163 5350 3367 8303 9456 1329 6425
390 9412 5350 3367 7751 4903 7181 5874 7190 6616
391 3696 9236 2581 6966 8665 5371 831
392 5350 3146 4718 8911 5936 5052
393 9318 5350 4178 6901 3962 7420
394 3236 2629 5350 6505 8586 5880
395 6019 5350 2631 3223 6583 8696 7419
396 366 5936 1042 4718 5052 9117
397 965 5350 8243 596 533 1333
398 3684 2789 5350 7770 2491 8604
399 3816 8586 6700 4718 5936 5052
400 5350 4718 5936 1681 5052 9117
401 1537 6979 5350 3367 231 8556 9599
402 1313 5350 3367 4167 7884 4718 6063
403 6977 5052 4718 5936 1720 4699 7804
404 9120 4068 5350 3367 4046 1268 8567
405 5571 8324 5350 3146 3797 6587 2909
406 3682 5350 1287 9161 6922 915 5247
407 5350 6414 5936 4718 696 5052
408 2181 5350 4718 5936 9432 5052
409 4163 5350 8586 8303 1329 6425 313
410 9539 5477 105 2125 3950 1903 8280
411 965 4718 5936 1333 9368 1467
412 5350 3367 328 6940 6206 991
413 8586 4653 7252 5398 8665 5787
414 3684 5350 9586 7770 2491 8604
415 5568 5350 9586 8594 8983 1945
416 5350 1900 6157 4718 5936 1467
417 8710 5350 8586 8301 596 8185
418 2000 2034 5811 6484 4718
419 7874 372 6708 1945 2100 8983 756
420 8064 3146 4718 5936 4280 1467
421 5350 4968 9552 9368 2034 952
422 5924 5350 8968 9712 948 7420
423 2433 4163 5350 3176 596 2653
424 1444 5350 3314 4280 7481 9055 3423
425 1537 5350 775 8556 313 9599
426 8611 5350 3367 333 5571 313 7036
427 5350 7560 9586 9399 7901 7263
428 5668 5350 4167 3367 9422 4341 5534
429 5350 2484 1526 8375 3705 6364
430 5571 5738 9708 8173 4718 3797
431 5350 9702 4167 3367 4718 5936 5052
432 7968 5350 3367 4718 8976 4307 7167
433 1537 5350 1965 3759 2623 9599
434 4036 3909 5350 2219 4429 3631
435 5350 5423 2037 214 3223 313
436 9225 6762 2384 946 8890 3146
437 4768 5350 8556 9872 7414 313 9599
438 7552 5350 6983 5806 5845 313
439 5350 4718 5936 4567 1467 1244
440 4132 5350 3785 1327 4243 822 4055
441 3682 2181 4718 5936 1042 7544 5052
442 1220 8327 8366 6802 4718 9787
443 5668 5350 8267 9422 7314 4926
444 9825 8676 2323 5847 408 8604 5311
445 1537 5350 3494 8556 6777 1470 9599
446 5571 2156 4718 5936 3797 2939
447 5350 4425 5463 3322 8092 3386 7870
448 9302 5350 3367 333 1486 6680 7798 9432
449 5350 4718 5936 313 1467 5052
450 4903 4718 5936 1467 1501 1470
451 6587 6405 5350 6158 5531 189 638
452 3643 1955 4388 1701 5350 2939
453 5350 3146 2191 9586 8280 313
454 1537 5350 3367 4718 5936 5052
455 4097 5350 7017 8586 6700 4909
456 2181 5350 4718 5936 6587 5052
457 2599 4845 1517 6033 728 346 847
458 2470 5350 6633 7821 4437 5787 8575
459 5475 8459 8364 8052 8375 8761 7486
460 1312 6019 5350 8910 313 1471
461 5633 2181 3146 4718 5936 5052
462 2181 5350 4718 5936 1467 5052
463 5350 4718 5936 9368 5052 7263
464 8549 4806 9834 1694 5942 9591 8186 5534
465 9702 5350 3367 1355 313 1439 5119
466 2181 9612 4718 5936 1042 5052
467 3042 9988 5350 1582 7025 3790 313
468 5350 4718 5936 1467 5052 9599
469 5936 8650 4718 7664 1137 275
470 675 2481 5259 8078 3504 8337
471 416 4036 4167 6028 4333 4827
472 4036 3909 5350 4167 4156 4829
473 1473 5350 3367 4718 8916 9117
474 5350 3146 9117 9526 1501 894
475 7813 5350 4718 5936 8794 1467
476 5350 8650 7664 7414 3801 7263
477 9701 8013 2158 2125 5041 7065 4603
478 4097 4163 5350 7084 9456 6303
479 3745 9156 1573 1542 3367 5350 5722
480 7617 5350 3146 2413 7054 1046
481 6979 5350 3367 7272 8556 333 5364 2744 9599
482 5350 4167 8300 4718 5936 1467
483 5668 5350 6124 9422 3962 4926
484 5571 5350 9161 915 3797 2909 5247
485 8610 4839 4718 5425 7252 4281
486 8604 4718 5936 7770 2491 5052
487 4768 6442 5676 493 4081 7414 9368
488 9088 771 5350 6100 889 5534
489 5936 5372 4718 7056 4856 4508
490 355 3146 4718 5936 9907 5052
491 4587 4242 2423 8152 698 6302
492 5350 4718 5936 313 1467 5052
493 7940 5350 3367 6314 4167 6587 4508
494 4163 5350 3146 4718 5936 5052
495 5350 3367 333 1486 4757 9432 313
496 5350 616 3849 1036 5112 8735
497 9029 5350 775 7664 313 3801
498 4292 139 206 9716 4718 3702
499 5350 9677 4718 5936 1467 5052
