100
0 7617 4451 6181 1869 4913 5523 1046 5144 4218 6493
1 2306 1435 3844 5479 8522 4115 9239 4251 7100 1354
2 5443 616 4587 9167 9552 9076 3223 5816 8185 1343
3 9088 8359 4587 4974 9167 9552 7859 3223 6302 1343
4 1760 4587 9167 9552 9076 3223 4280 8185 9375 1343
5 2384 6019 8586 8493 9838 8752 2936 5558 1336 7997
6 4705 5956 9573 203 7596 1581 5679 4538 4252 2495
7 9573 2186 203 7596 1581 5679 2965 9527 4252 2495
8 1312 1761 3459 3204 8522 1936 9239 1337 5884 5374
9 5443 8359 4587 9167 9552 7859 3223 5816 6302 1343
10 1760 4587 9167 9552 9076 3223 4280 8185 9375 1343
11 1760 4587 9167 9552 9076 3223 4280 8185 9375 1343
12 1760 4587 9167 9552 9076 3223 4280 8185 9375 1343
13 1760 4587 9167 9552 9076 3223 4280 8185 9375 1343
14 1760 4587 9167 9552 9076 3223 4280 8185 9375 1343
15 1760 4587 9167 9552 9076 3223 4280 8185 9375 1343
16 1760 4587 9167 9552 9076 3223 4280 8185 9375 1343
17 1760 4587 9167 9552 9076 3223 4280 8185 9375 1343
18 1760 4587 9167 9552 9076 3223 4280 8185 9375 1343
19 1760 4587 9167 9552 9076 3223 4280 8185 9375 1343
20 1760 4587 9167 9552 9076 3223 4280 8185 9375 1343
21 1760 4587 9167 9552 9076 3223 4280 8185 9375 1343
22 1760 4587 9167 9552 9076 3223 4280 8185 9375 1343
23 1760 4587 9167 9552 9076 3223 4280 8185 9375 1343
24 1760 4587 9167 9552 9076 3223 4280 8185 9375 1343
25 1760 4587 9167 9552 9076 3223 4280 8185 9375 1343
26 1760 4587 9167 9552 9076 3223 4280 8185 9375 1343
27 1760 4587 9167 9552 9076 3223 4280 8185 9375 1343
28 1760 4587 9167 9552 9076 3223 4280 8185 9375 1343
29 1760 4587 9167 9552 9076 3223 4280 8185 9375 1343
30 1760 4587 9167 9552 9076 3223 4280 8185 9375 1343
31 1760 4587 9167 9552 9076 3223 4280 8185 9375 1343
32 1760 4587 9167 9552 9076 3223 4280 8185 9375 1343
33 1760 4587 9167 9552 9076 3223 4280 8185 9375 1343
34 1760 4587 9167 9552 9076 3223 4280 8185 9375 1343
35 1760 4587 9167 9552 9076 3223 4280 8185 9375 1343
36 1760 4587 9167 9552 9076 3223 4280 8185 9375 1343
37 1760 4587 9167 9552 9076 3223 4280 8185 9375 1343
38 1760 4587 9167 9552 9076 3223 4280 8185 9375 1343
39 1760 4587 9167 9552 9076 3223 4280 8185 9375 1343
40 1760 4587 9167 9552 9076 3223 4280 8185 9375 1343
41 1760 4587 9167 9552 9076 3223 4280 8185 9375 1343
42 1760 4587 9167 9552 9076 3223 4280 8185 9375 1343
43 1760 4587 9167 9552 9076 3223 4280 8185 9375 1343
44 1760 4587 9167 9552 9076 3223 4280 8185 9375 1343
45 1760 4587 9167 9552 9076 3223 4280 8185 9375 1343
46 1760 4587 9167 9552 9076 3223 4280 8185 9375 1343
47 1760 4587 9167 9552 9076 3223 4280 8185 9375 1343
48 1760 4587 9167 9552 9076 3223 4280 8185 9375 1343
49 1760 4587 9167 9552 9076 3223 4280 8185 9375 1343
50 1760 4587 9167 9552 9076 3223 4280 8185 9375 1343
51 1760 4587 9167 9552 9076 3223 4280 8185 9375 1343
52 1760 4587 9167 9552 9076 3223 4280 8185 9375 1343
53 1760 4587 9167 9552 9076 3223 4280 8185 9375 1343
54 1760 4587 9167 9552 9076 3223 4280 8185 9375 1343
55 1760 4587 9167 9552 9076 3223 4280 8185 9375 1343
56 1760 4587 9167 9552 9076 3223 4280 8185 9375 1343
57 1760 4587 9167 9552 9076 3223 4280 8185 9375 1343
58 1760 4587 9167 9552 9076 3223 4280 8185 9375 1343
59 1760 4587 9167 9552 9076 3223 4280 8185 9375 1343
60 1760 4587 9167 9552 9076 3223 4280 8185 9375 1343
61 1760 4587 9167 9552 9076 3223 4280 8185 9375 1343
62 1760 4587 9167 9552 9076 3223 4280 8185 9375 1343
63 1760 4587 9167 9552 9076 3223 4280 8185 9375 1343
64 1760 4587 9167 9552 9076 3223 4280 8185 9375 1343
65 1760 4587 9167 9552 9076 3223 4280 8185 9375 1343
66 1760 4587 9167 9552 9076 3223 4280 8185 9375 1343
67 1760 4587 9167 9552 9076 3223 4280 8185 9375 1343
68 1760 4587 9167 9552 9076 3223 4280 8185 9375 1343
69 1760 4587 9167 9552 9076 3223 4280 8185 9375 1343
70 1760 4587 9167 9552 9076 3223 4280 8185 9375 1343
71 1760 4587 9167 9552 9076 3223 4280 8185 9375 1343
72 1760 4587 9167 9552 9076 3223 4280 8185 9375 1343
73 1760 4587 9167 9552 9076 3223 4280 8185 9375 1343
74 1760 4587 9167 9552 9076 3223 4280 8185 9375 1343
75 1760 4587 9167 9552 9076 3223 4280 8185 9375 1343
76 1760 4587 9167 9552 9076 3223 4280 8185 9375 1343
77 1760 4587 9167 9552 9076 3223 4280 8185 9375 1343
78 1760 4587 9167 9552 9076 3223 4280 8185 9375 1343
79 1760 4587 9167 9552 9076 3223 4280 8185 9375 1343
80 1760 4587 9167 9552 9076 3223 4280 8185 9375 1343
81 1760 4587 9167 9552 9076 3223 4280 8185 9375 1343
82 1760 4587 9167 9552 9076 3223 4280 8185 9375 1343
83 1760 4587 9167 9552 9076 3223 4280 8185 9375 1343
84 1760 4587 9167 9552 9076 3223 4280 8185 9375 1343
85 1760 4587 9167 9552 9076 3223 4280 8185 9375 1343
86 1760 4587 9167 9552 9076 3223 4280 8185 9375 1343
87 1760 4587 9167 9552 9076 3223 4280 8185 9375 1343
88 1760 4587 9167 9552 9076 3223 4280 8185 9375 1343
89 1760 4587 9167 9552 9076 3223 4280 8185 9375 1343
90 1760 4587 9167 9552 9076 3223 4280 8185 9375 1343
91 1760 4587 9167 9552 9076 3223 4280 8185 9375 1343
92 1760 4587 9167 9552 9076 3223 4280 8185 9375 1343
93 1760 4587 9167 9552 9076 3223 4280 8185 9375 1343
94 1760 4587 9167 9552 9076 3223 4280 8185 9375 1343
95 1760 4587 9167 9552 9076 3223 4280 8185 9375 1343
96 1760 4587 9167 9552 9076 3223 4280 8185 9375 1343
97 1760 4587 9167 9552 9076 3223 4280 8185 9375 1343
98 1760 4587 9167 9552 9076 3223 4280 8185 9375 1343
99 1760 4587 9167 9552 9076 3223 4280 8185 9375 1343
