100
0 1 10 34 3 0 293 5359 91 25 281 505 251 8600 5820 4548 177 186 237 43 97 709 138
1 1 0 3 281 25 39 116 2594 101 677 2071 12 8949 31 8738 7301 33 4 64 1051 313 138 1290
2 1 0 3 10 91 4 12 283 34 33 43 5865 6797 213 7395 50 49 179 418 181 1495 1502 3244
3 1 0 3 77 31 4 66 774 205 143 506 108 698 364 25 12 546 24 49 475 100 419 37
4 1 0 3 4 10 2897 47 33 25 85 1863 3893 3541 209 4146 173 71 26 29 740 36 859 3975
5 1 0 3 33 94 10 67 1014 780 68 328 1501 1318 3513 2867 39 91 278 168 199
6 1 0 3 4 10 4809 31 26 553 1123 174 719 239 50 1337 1314 67 2805 170 352 7764 20 5276 138
7 4752 3548 1021 2096 1 6662 816 4362 10 380 276 1709 0 1576 2247 3 916 278 63
8 1 10 430 3 0 950 278 68 215 3055 2928 3932 4316 470 34 12 241 77 43 155
9 174 99 217 1 59 758 4240 293 43 412 3559 676 912 113 3 68 0 33 216 176 138
10 5170 94 93 4386 200 39 1 311 10 1367 43 2102 1375 7400 347 3 9375 0 1951
11 1 0 10 12 1866 3 399 25 76 505 4 6423 51 302 591 46 213 2904 246 108 171 138 2060
12 1 3 0 130 10 790 33 1849 506 12 8444 2990 251 105 872 701 546 7084 77 3272 393 1502 1310
13 1 3 0 12 101 46 53 49 39 3535 129 796 34 109 4620 352 6480 32 4 3648 1407 1152 138 7242 2264
14 1 0 3 4 64 100 506 5059 141 9843 4244 12 302 181 220 39 47 46 1748 481 24 4848 303 2153
15 1 0 3 39 295 9085 10 213 283 5140 105 169 49 1588 68 143 350 109 47 9593 1290
16 1 0 3 50 5222 25 51 819 706 165 215 12 4 5795 89 848 3842 490 153 1681 807 5429
17 94 759 1710 1 633 10 5782 34 215 1574 67 186 3 3123 0 581 435 93 3900 6049
18 1 3 0 12 5901 533 4 43 33 1197 337 50 66 67 26 51 2128 108 32 48 10 161
19 1 8006 10 174 153 93 774 91 0 67 3 128 7049 4773 1216 188 826 338 4 940
20 9798 39 336 1 1698 1373 1886 105 1514 33 491 59 43 5502 3808 49 10 3
21 1 39 0 3 99 1424 10 43 25 1156 3507 68 1653 1438 2469 1042 4001 47 768 17 3684 2848
22 59 116 1 514 4117 430 68 49 10 94 3009 174 3 47 133 89 354 0 173 9517
23 39 3324 276 33 2568 1 4477 3989 174 5120 1677 3 10 124 0 34 59 5604 1951
24 1 3 0 4824 328 10 39 93 433 6408 124 127 571 46 4732 186 906 3755 2 725 138
25 463 588 241 10 514 1 202 127 1637 109 113 33 571 124 226 1261 2737 0 69 1482
26 1 0 39 99 3 328 278 470 33 9556 772 276 105 412 1515 67 2408 714 11 2433 1290
27 1 10 124 3 430 0 59 2014 601 4674 916 6555 33 412 25 71 77 9262 1345 513
28 1 105 3 0 33 337 932 91 34 10 842 338 239 463 130 77 43 7956 133 268 155 1263
29 1 0 127 153 780 1461 10 67 59 34 3 33 1389 571 9357 360 4 723 772 2
30 1 0 10 3 2014 39 5417 2078 492 12 113 242 314 565 105 582 40 128 109 13 621
31 1 3 0 10 399 50 3349 4032 101 323 51 29 8766 12 960 4 6424 40 85 6064 43 5 176
32 217 1865 1 105 1663 6779 209 10 59 3 576 67 43 1741 33 0 6614 2498 830 900 5921
33 4120 1 347 1685 381 6697 124 10 91 1658 169 311 3861 633 3 0 6580 7133 9 3457
34 1 10 0 3 34 1624 6130 418 33 2184 1233 3949 591 1147 12 51 50 25 4659 1620 1446 6604 1263
35 1 10 0 3 186 1504 94 89 1842 471 419 1767 1782 49 1074 169 8991 1653 29 2 8450
36 1 3 0 676 4654 7748 1919 94 39 10 134 47 854 51 3535 25 2011 6210 5811 1058 4090 2591
37 514 1 2096 2469 10 322 412 124 1233 0 246 3 456 1866 66 846 127 3528 170 948 1737 3097
38 1 0 3 10 209 507 1239 150 29 18 648 142 98 1991 13 94 582 304 551 4 590 1147 2696 155 3097
39 94 169 99 796 1 7182 322 39 452 202 3 10 213 0 192 34 25 33 750 1671 5921
40 1 0 3 4 6044 165 2745 50 278 68 25 59 3915 259 306 113 51 42 24 470 359 8 869
41 1 10 34 287 116 1595 3 2415 49 215 0 2014 25 916 75 2883 1044 239 213 4859 797 4247
42 1 34 2415 3 405 0 7606 9561 10 521 328 283 75 43 490 214 588 2344 1039 82 2153
43 1 0 10 3 336 12 755 136 48 26 47 324 180 25 91 452 477 5689 4 40 760 5376 8 2060
44 202 2951 1213 43 10 1 6044 93 1672 34 77 109 798 347 3 0 1051 25 24 2076 138
45 1 4211 3 0 6661 278 59 752 10 34 248 4875 226 4 629 292 12 2399 2524 708
46 1 34 0 49 3 133 111 352 59 33 128 93 1713 12 1066 338 68 43 892 22 1502
47 1 0 3 4 10 12 129 24 26 136 47 5196 6074 1010 7316 558 18 607 308 2436 3151 29 1623 3700 2264 7055
48 124 2863 366 39 248 33 6336 1 10 5547 34 2988 99 4362 3 6038 0 315 300 4799 4247
49 483 529 1 10 108 64 953 1752 1165 3560 3 3236 297 0 1909 2581 128 25 49 443 3097
50 1 10 0 3 12 838 463 4 64 34 31 9952 340 25 5597 4761 53 4146 100 8932 32 27 7624 3244
51 4847 33 200 1 213 788 124 1848 10 93 0 34 1982 202 3 246 5230 64 8783 2818
52 381 248 2165 1 5625 6171 753 174 202 10 724 47 105 0 33 2720 3 3761 2 120 1310
53 1 248 724 2473 347 2135 100 6820 0 91 43 67 502 3 2611 633 251 2195 46 72 4371
54 1 0 3 113 4 2643 10 200 89 180 281 6043 296 4560 26 43 5620 34 576 4552 15 968
55 1 3 0 10 4 225 412 930 31 66 34 33 9095 262 180 124 25 208 3901 2078 619
56 1 799 1075 2051 889 0 950 34 108 292 39 3 59 5161 91 1406 6348 105 6 1591 3756 2264
57 2458 9566 1837 116 39 1815 1 43 1511 10 8586 1165 3784 5688 2456 248 456 3056 968 3975
58 936 99 1866 437 366 1 174 4685 1700 93 10 128 89 3 1545 0 101 3987 55 138
59 1 2479 579 10 39 75 64 34 605 0 323 1071 3 6036 111 174 1264 3962 7805 621
60 1 0 3 25 10 113 31 43 49 130 8387 46 2024 75 808 124 295 33 492 938 1954
61 1 0 3 91 12 6748 51 43 31 179 7473 3017 39 50 4 53 2247 688 323 205 24 5
62 1 0 3 12 4146 209 6025 521 29 194 4 26 1503 7195 601 6847 241 6226 67 68 766 5778 1310
63 1 0 3 10 98 4 100 1882 42 607 401 2 46 2738 130 172 12 6229 106 13 169 842 759 3676 900
64 1 0 3 26 4 12 314 46 1552 43 477 4630 116 1353 18 25 6094 174 24 10 13 64 3038 5526 1737
65 1 0 3 1515 66 8401 278 891 192 46 9493 323 779 4 1956 1635 5161 129 25 133 64 2132 9517
66 1 3 0 43 12 4319 1642 1948 237 3209 947 4 67 26 4162 50 33 1828 7027 851 5834
67 39 8428 1 68 514 116 59 200 2098 7122 0 25 3 2195 91 562 1582 10 2706 583
68 1 0 10 12 3 59 25 592 337 3842 108 49 237 315 31 234 51 798 281 1993 671
69 276 8004 99 33 1 10 94 7231 2551 141 1499 153 109 317 3 0 43 47 73
70 1 0 3 10 4 490 360 1624 194 3314 2720 76 127 462 190 53 5797 12 85 2917 111 8672 6698 2848
71 1 0 3 2078 75 5165 9607 399 71 562 945 50 1288 4630 40 130 10 437 1062 179 1958 2591
72 1 0 3 8512 10 246 772 33 12 3828 111 194 465 3164 91 93 328 124 136 1889 1384
73 99 3528 6504 10 1 1866 916 39 693 317 4151 33 380 5479 127 9547 239 50 859 3774
74 5792 1 2522 6696 418 10 64 9471 3 0 2156 169 435 93 242 9295 67 3660 234 621
75 1 0 3 4 25 302 89 31 12 67 108 10 46 853 64 360 6329 182 24 42 222 257 1679 3097
76 39 94 43 556 10 1 683 437 7102 34 153 128 241 108 1342 4422 3 47 21 8095 869
77 433 1071 217 59 33 10 68 1 2398 75 3 1130 0 6357 276 222 39 76 2657
78 1 10 0 3 1865 1105 2664 77 606 46 49 25 50 93 1402 33 1318 292 34 422 138
79 1 3 0 130 220 50 100 31 1015 76 673 25 2751 186 1116 66 49 34 1201 505 267
80 1 3 0 10 33 2062 1991 181 64 49 254 136 553 1824 378 214 2795 1706 4674 7591 2 1572 1173
81 1 0 3 10 127 68 317 100 7181 12 64 239 182 772 205 4 76 528 4928 2882 4364
82 1 0 3 798 94 10 202 59 1844 12 7981 49 165 34 1424 100 3594 134 1906 145 1671
83 39 1 0 3 25 217 6205 1377 43 433 76 10 165 222 818 34 6629 580 50 3110
84 1 10 0 3 33 12 165 124 141 491 2542 251 2544 64 25 3124 2399 217 4 6755 1089 9584
85 1 3 0 101 297 338 25 67 226 311 39 59 1909 105 31 352 10 1449 40 9609 6729 138
86 2987 1318 9041 682 2051 33 169 10 3354 260 1 93 281 3 0 77 75 1459 5 1502
87 1 2482 1208 242 5246 0 34 281 774 10 49 93 116 186 3511 3 91 8414 13 138 2848
88 169 5731 796 1053 3488 527 1 248 68 47 3 100 0 10 113 25 278 559 45 1591
89 1 3 0 127 912 837 2221 34 59 799 5520 4793 1975 10 2527 47 68 93 3340 7
90 1 1071 452 0 3 10 127 3814 322 141 7688 33 287 51 67 29 25 259 1363 8973 138
91 407 202 1 1474 33 59 248 7135 2665 34 3 0 49 113 39 68 105 573 22 3244 1671
92 165 8444 169 68 1 799 99 105 248 470 141 906 768 34 3 0 581 25 1054 1334
93 1 0 3 124 71 25 39 202 153 47 179 1127 5688 12 1010 49 4051 326 2295 1532 152 797
94 1 3 0 10 4 12 222 8103 2254 645 420 2968 412 2913 31 493 527 1246 1150 1459 1882
95 1 0 3 4 10 488 31 2894 2460 565 12 111 129 105 130 5774 24 963 862 392 2413 29 3946 138 7585
96 1 3 0 182 68 6438 77 4511 10 202 721 33 4757 29 2195 8692 354 9019 239 541 309 2818
97 1 0 3 99 124 405 278 4 34 1938 59 295 24 49 42 10 846 215 573 216 1583 6102
98 1636 6546 1658 43 556 1 1672 39 347 1545 7243 7723 7507 1740 10 174 649 42 155
99 116 2498 1 113 4552 0 8767 953 75 1693 33 2151 93 5197 3 1889 5233 100 3881 3110
